<?xml version="1.0" encoding="UTF-8"?>
<!-- Generated by org.testng.reporters.JUnitReportReporter -->
<testsuite skipped="0" hostname="AUM" name="uk.co.expedia.testsuite.LoginTest" tests="1" failures="0" timestamp="16 Apr 2020 21:26:57 GMT" time="26.072" errors="0">
  <testcase name="verifyErrorMessage" time="26.072" classname="uk.co.expedia.testsuite.LoginTest"/>
</testsuite> <!-- uk.co.expedia.testsuite.LoginTest -->
