<?xml version="1.0" encoding="UTF-8"?>
<!-- Generated by org.testng.reporters.JUnitReportReporter -->
<testsuite skipped="0" hostname="AUM" name="uk.co.expedia.testsuite.FlightsTest" tests="1" failures="0" timestamp="16 Apr 2020 21:26:57 GMT" time="26.953" errors="0">
  <testcase name="verifySearchFlight" time="26.953" classname="uk.co.expedia.testsuite.FlightsTest"/>
</testsuite> <!-- uk.co.expedia.testsuite.FlightsTest -->
